#
# A fatal error has been detected by the Java Runtime Environment:
#
#  EXCEPTION_UNCAUGHT_CXX_EXCEPTION (0xe06d7363) at pc=0x00007ffbde4f4f69, pid=15600, tid=0x00000000000045f8
#
# JRE version: Java(TM) SE Runtime Environment (8.0_261-b12) (build 1.8.0_261-b12)
# Java VM: Java HotSpot(TM) 64-Bit Server VM (25.261-b12 mixed mode windows-amd64 compressed oops)
# Problematic frame:
# C  [KERNELBASE.dll+0x34f69]
#
# Failed to write core dump. Minidumps are not enabled by default on client versions of Windows
#
# If you would like to submit a bug report, please visit:
#   http://bugreport.java.com/bugreport/crash.jsp
# The crash happened outside the Java Virtual Machine in native code.
# See problematic frame for where to report the bug.
#

---------------  T H R E A D  ---------------

Current thread (0x000002753b864800):  JavaThread "AWT-Windows" daemon [_thread_in_native, id=17912, stack(0x0000008a4ae00000,0x0000008a4af00000)]

siginfo: ExceptionCode=0xe06d7363, ExceptionInformation=0x0000000019930520 0x0000008a4aefa860 0x00007ffb9546a090 0x00007ffb95440000 

Registers:
RAX=0x00007ffb00000003, RBX=0x00007ffb9546a090, RCX=0x000002751ecd0000, RDX=0x0000000000000064
RSP=0x0000008a4aefa700, RBP=0x0000000000000000, RSI=0x0000008a4aefa860, RDI=0x0000000019930520
R8 =0x0000000000000064, R9 =0x000002753cac0fa0, R10=0x000002753cac17b0, R11=0x0000ae08395f5f48
R12=0x0000000000000000, R13=0x000002753bcd0890, R14=0x0000000000004360, R15=0x000002753c4b5f58
RIP=0x00007ffbde4f4f69, EFLAGS=0x0000000000000206

Top of Stack: (sp=0x0000008a4aefa700)
0x0000008a4aefa700:   000000000000004d 00007ffb9546a090
0x0000008a4aefa710:   0000008a4aefa860 0000000000000000
0x0000008a4aefa720:   00000001e06d7363 0000000000000000
0x0000008a4aefa730:   00007ffbde4f4f69 0000027500000004
0x0000008a4aefa740:   0000000019930520 0000008a4aefa860
0x0000008a4aefa750:   00007ffb9546a090 00007ffb95440000
0x0000008a4aefa760:   000002753bcd0890 0000000000000000
0x0000008a4aefa770:   0000008a4aefa860 0000000000000000
0x0000008a4aefa780:   0000008a4aefa800 00007ffbe07a4a5f
0x0000008a4aefa790:   0000000019930520 0000027500000000
0x0000008a4aefa7a0:   000002753c4b5f58 00007ffbe07c07b0
0x0000008a4aefa7b0:   00007ffb9546d000 00007ffb95440000
0x0000008a4aefa7c0:   00006e0f7f8f3906 00007ffbde50986b
0x0000008a4aefa7d0:   00007ffb9546a090 00007ffb95455d98
0x0000008a4aefa7e0:   0000ae08395f6708 000000002600082e
0x0000008a4aefa7f0:   0000000000000008 00007ffb9545d9a3 

Instructions: (pc=0x00007ffbde4f4f69)
0x00007ffbde4f4f49:   8b d1 44 0f 47 c0 44 89 44 24 38 49 c1 e0 03 e8
0x00007ffbde4f4f59:   1a d5 05 00 48 8d 4c 24 20 48 ff 15 8f 9d 18 00
0x00007ffbde4f4f69:   0f 1f 44 00 00 48 8b 8c 24 c0 00 00 00 48 33 cc
0x00007ffbde4f4f79:   e8 52 97 05 00 48 81 c4 d8 00 00 00 c3 cc 83 64 


Register to memory mapping:

RAX=0x00007ffb00000003 is an unknown value
RBX=0x00007ffb9546a090 is an unknown value
RCX=0x000002751ecd0000 is an unknown value
RDX=0x0000000000000064 is an unknown value
RSP=0x0000008a4aefa700 is pointing into the stack for thread: 0x000002753b864800
RBP=0x0000000000000000 is an unknown value
RSI=0x0000008a4aefa860 is pointing into the stack for thread: 0x000002753b864800
RDI=0x0000000019930520 is an unknown value
R8 =0x0000000000000064 is an unknown value
R9 =0x000002753cac0fa0 is an unknown value
R10=0x000002753cac17b0 is an unknown value
R11=0x0000ae08395f5f48 is an unknown value
R12=0x0000000000000000 is an unknown value
R13=0x000002753bcd0890 is an unknown value
R14=0x0000000000004360 is an unknown value
R15=0x000002753c4b5f58 is an unknown value


Stack: [0x0000008a4ae00000,0x0000008a4af00000],  sp=0x0000008a4aefa700,  free space=1001k
Native frames: (J=compiled Java code, j=interpreted, Vv=VM code, C=native code)

Java frames: (J=compiled Java code, j=interpreted, Vv=VM code)
j  sun.java2d.d3d.D3DSurfaceData.initFlipBackbuffer(JJIII)Z+0
j  sun.java2d.d3d.D3DSurfaceData.initSurfaceNow()Z+111
j  sun.java2d.d3d.D3DSurfaceData.access$000(Lsun/java2d/d3d/D3DSurfaceData;)Z+1
j  sun.java2d.d3d.D3DSurfaceData$1.run()V+8
v  ~StubRoutines::call_stub
j  sun.awt.windows.WToolkit.eventLoop()V+0
j  sun.awt.windows.WToolkit.run()V+58
j  java.lang.Thread.run()V+11
v  ~StubRoutines::call_stub

---------------  P R O C E S S  ---------------

Java Threads: ( => current thread )
  0x000002753cb87000 JavaThread "TimerQueue" daemon [_thread_blocked, id=16700, stack(0x0000008a4b600000,0x0000008a4b700000)]
  0x000002753cb58800 JavaThread "D3D Screen Updater" daemon [_thread_in_native, id=21040, stack(0x0000008a4b200000,0x0000008a4b300000)]
  0x000002751edbf800 JavaThread "DestroyJavaVM" [_thread_blocked, id=8700, stack(0x0000008a49800000,0x0000008a49900000)]
  0x000002753b87d800 JavaThread "AWT-EventQueue-0" [_thread_blocked, id=17632, stack(0x0000008a4af00000,0x0000008a4b000000)]
=>0x000002753b864800 JavaThread "AWT-Windows" daemon [_thread_in_native, id=17912, stack(0x0000008a4ae00000,0x0000008a4af00000)]
  0x000002753b862000 JavaThread "AWT-Shutdown" [_thread_blocked, id=21116, stack(0x0000008a4ad00000,0x0000008a4ae00000)]
  0x000002753b861000 JavaThread "Java2D Disposer" daemon [_thread_blocked, id=15740, stack(0x0000008a4ac00000,0x0000008a4ad00000)]
  0x000002753a13a000 JavaThread "Service Thread" daemon [_thread_blocked, id=19064, stack(0x0000008a4aa00000,0x0000008a4ab00000)]
  0x000002753a0c6800 JavaThread "C1 CompilerThread3" daemon [_thread_blocked, id=17460, stack(0x0000008a4a900000,0x0000008a4aa00000)]
  0x000002753a0c2000 JavaThread "C2 CompilerThread2" daemon [_thread_blocked, id=19920, stack(0x0000008a4a800000,0x0000008a4a900000)]
  0x000002753a0bb000 JavaThread "C2 CompilerThread1" daemon [_thread_blocked, id=20736, stack(0x0000008a4a700000,0x0000008a4a800000)]
  0x000002753a0b7000 JavaThread "C2 CompilerThread0" daemon [_thread_blocked, id=16716, stack(0x0000008a4a600000,0x0000008a4a700000)]
  0x000002753a0b5800 JavaThread "Attach Listener" daemon [_thread_blocked, id=18776, stack(0x0000008a4a500000,0x0000008a4a600000)]
  0x000002753a0b4800 JavaThread "Signal Dispatcher" daemon [_thread_blocked, id=21148, stack(0x0000008a4a400000,0x0000008a4a500000)]
  0x0000027539498800 JavaThread "Finalizer" daemon [_thread_blocked, id=17008, stack(0x0000008a4a300000,0x0000008a4a400000)]
  0x000002753a089800 JavaThread "Reference Handler" daemon [_thread_blocked, id=16172, stack(0x0000008a4a200000,0x0000008a4a300000)]

Other Threads:
  0x000002753a062800 VMThread [stack: 0x0000008a4a100000,0x0000008a4a200000] [id=18080]
  0x000002753a13e000 WatcherThread [stack: 0x0000008a4ab00000,0x0000008a4ac00000] [id=17820]

VM state:not at safepoint (normal execution)

VM Mutex/Monitor currently owned by a thread: None

heap address: 0x00000006c8e00000, size: 3954 MB, Compressed Oops mode: Zero based, Oop shift amount: 3
Narrow klass base: 0x0000000000000000, Narrow klass shift: 3
Compressed class space size: 1073741824 Address: 0x00000007c0000000

Heap:
 PSYoungGen      total 74240K, used 14084K [0x000000076da00000, 0x0000000772c80000, 0x00000007c0000000)
  eden space 64000K, 22% used [0x000000076da00000,0x000000076e7c1328,0x0000000771880000)
  from space 10240K, 0% used [0x0000000772280000,0x0000000772280000,0x0000000772c80000)
  to   space 10240K, 0% used [0x0000000771880000,0x0000000771880000,0x0000000772280000)
 ParOldGen       total 169472K, used 0K [0x00000006c8e00000, 0x00000006d3380000, 0x000000076da00000)
  object space 169472K, 0% used [0x00000006c8e00000,0x00000006c8e00000,0x00000006d3380000)
 Metaspace       used 12972K, capacity 13198K, committed 13312K, reserved 1060864K
  class space    used 1685K, capacity 1773K, committed 1792K, reserved 1048576K

Card table byte_map: [0x000002752fb10000,0x00000275302d0000] byte_map_base: 0x000002752c4c9000

Marking Bits: (ParMarkBitMap*) 0x0000000070064fb0
 Begin Bits: [0x0000027530800000, 0x00000275345c8000)
 End Bits:   [0x00000275345c8000, 0x0000027538390000)

Polling page: 0x0000027520720000

CodeCache: size=245760Kb used=3637Kb max_used=3638Kb free=242122Kb
 bounds [0x0000027520750000, 0x0000027520af0000, 0x000002752f750000]
 total_blobs=1481 nmethods=978 adapters=416
 compilation: enabled

Compilation events (10 events):
Event: 2332.246 Thread 0x000002753a0c6800 nmethod 972 0x0000027520acb7d0 code [0x0000027520acb940, 0x0000027520acbbd0]
Event: 2332.247 Thread 0x000002753a0bb000  974       4       java.util.concurrent.ConcurrentHashMap::setTabAt (19 bytes)
Event: 2332.247 Thread 0x000002753a0bb000 nmethod 974 0x0000027520ad0390 code [0x0000027520ad04c0, 0x0000027520ad0538]
Event: 2332.248 Thread 0x000002753a0c6800  975       3       java.util.HashMap$HashIterator::<init> (79 bytes)
Event: 2332.248 Thread 0x000002753a0c6800 nmethod 975 0x0000027520acdcd0 code [0x0000027520acde40, 0x0000027520ace1f8]
Event: 2332.248 Thread 0x000002753a0c6800  977       3       jdk.internal.org.objectweb.asm.Item::<init> (5 bytes)
Event: 2332.249 Thread 0x000002753a0c6800 nmethod 977 0x0000027520acd910 code [0x0000027520acda60, 0x0000027520acdc18]
Event: 2332.249 Thread 0x000002753a0c2000 nmethod 973 0x0000027520ace7d0 code [0x0000027520ace900, 0x0000027520acea58]
Event: 2332.249 Thread 0x000002753a0c6800  978       3       sun.invoke.util.BytecodeDescriptor::unparseSig (75 bytes)
Event: 2332.251 Thread 0x000002753a0c6800 nmethod 978 0x0000027520adf510 code [0x0000027520adf800, 0x0000027520ae1000]

GC Heap History (0 events):
No events

Deoptimization events (7 events):
Event: 0.501 Thread 0x000002753b87d800 Uncommon trap: reason=unstable_if action=reinterpret pc=0x0000027520969ec8 method=java.util.HashMap.putVal(ILjava/lang/Object;Ljava/lang/Object;ZZ)Ljava/lang/Object; @ 109
Event: 0.507 Thread 0x000002753b87d800 Uncommon trap: reason=bimorphic action=maybe_recompile pc=0x000002752096df18 method=java.util.HashMap.putVal(ILjava/lang/Object;Ljava/lang/Object;ZZ)Ljava/lang/Object; @ 152
Event: 1.942 Thread 0x000002753b87d800 Uncommon trap: reason=bimorphic action=maybe_recompile pc=0x000002752096df18 method=java.util.HashMap.putVal(ILjava/lang/Object;Ljava/lang/Object;ZZ)Ljava/lang/Object; @ 152
Event: 2.231 Thread 0x000002753b87d800 Uncommon trap: reason=class_check action=maybe_recompile pc=0x00000275208c1cfc method=java.lang.String.equals(Ljava/lang/Object;)Z @ 8
Event: 2.232 Thread 0x000002753b87d800 Uncommon trap: reason=bimorphic action=maybe_recompile pc=0x000002752096df18 method=java.util.HashMap.putVal(ILjava/lang/Object;Ljava/lang/Object;ZZ)Ljava/lang/Object; @ 152
Event: 2.240 Thread 0x000002753b87d800 Uncommon trap: reason=bimorphic action=maybe_recompile pc=0x000002752096df18 method=java.util.HashMap.putVal(ILjava/lang/Object;Ljava/lang/Object;ZZ)Ljava/lang/Object; @ 152
Event: 2331.257 Thread 0x000002753cb58800 Uncommon trap: reason=unstable_if action=reinterpret pc=0x0000027520acbe24 method=sun.java2d.StateTrackableDelegate$1.isCurrent()Z @ 8

Classes redefined (0 events):
No events

Internal exceptions (10 events):
Event: 0.244 Thread 0x000002751edbf800 Exception <a 'java/lang/ClassNotFoundException': ToolBar> (0x000000076df39f70) thrown at [C:\jenkins\workspace\8-2-build-windows-amd64-cygwin\jdk8u261\295\hotspot\src\share\vm\classfile\systemDictionary.cpp, line 210]
Event: 0.244 Thread 0x000002751edbf800 Exception <a 'java/lang/ClassNotFoundException': ToggleButton> (0x000000076df3a520) thrown at [C:\jenkins\workspace\8-2-build-windows-amd64-cygwin\jdk8u261\295\hotspot\src\share\vm\classfile\systemDictionary.cpp, line 210]
Event: 0.244 Thread 0x000002751edbf800 Exception <a 'java/lang/ClassNotFoundException': javax/swing/JToolBarSeparator> (0x000000076df3a980) thrown at [C:\jenkins\workspace\8-2-build-windows-amd64-cygwin\jdk8u261\295\hotspot\src\share\vm\classfile\systemDictionary.cpp, line 210]
Event: 0.244 Thread 0x000002751edbf800 Exception <a 'java/lang/ClassNotFoundException': ToolBarSeparator> (0x000000076df3ae18) thrown at [C:\jenkins\workspace\8-2-build-windows-amd64-cygwin\jdk8u261\295\hotspot\src\share\vm\classfile\systemDictionary.cpp, line 210]
Event: 0.244 Thread 0x000002751edbf800 Exception <a 'java/lang/ClassNotFoundException': ToolTip> (0x000000076df3b558) thrown at [C:\jenkins\workspace\8-2-build-windows-amd64-cygwin\jdk8u261\295\hotspot\src\share\vm\classfile\systemDictionary.cpp, line 210]
Event: 0.245 Thread 0x000002751edbf800 Exception <a 'java/lang/ClassNotFoundException': Tree> (0x000000076df3c178) thrown at [C:\jenkins\workspace\8-2-build-windows-amd64-cygwin\jdk8u261\295\hotspot\src\share\vm\classfile\systemDictionary.cpp, line 210]
Event: 0.245 Thread 0x000002751edbf800 Exception <a 'java/lang/ClassNotFoundException': Tree> (0x000000076df3c8b8) thrown at [C:\jenkins\workspace\8-2-build-windows-amd64-cygwin\jdk8u261\295\hotspot\src\share\vm\classfile\systemDictionary.cpp, line 210]
Event: 0.245 Thread 0x000002751edbf800 Exception <a 'java/lang/ClassNotFoundException': javax/swing/JTreeCell> (0x000000076df3cc38) thrown at [C:\jenkins\workspace\8-2-build-windows-amd64-cygwin\jdk8u261\295\hotspot\src\share\vm\classfile\systemDictionary.cpp, line 210]
Event: 0.245 Thread 0x000002751edbf800 Exception <a 'java/lang/ClassNotFoundException': TreeCell> (0x000000076df3d0c0) thrown at [C:\jenkins\workspace\8-2-build-windows-amd64-cygwin\jdk8u261\295\hotspot\src\share\vm\classfile\systemDictionary.cpp, line 210]
Event: 0.245 Thread 0x000002751edbf800 Exception <a 'java/lang/ClassNotFoundException': RootPane> (0x000000076df3db20) thrown at [C:\jenkins\workspace\8-2-build-windows-amd64-cygwin\jdk8u261\295\hotspot\src\share\vm\classfile\systemDictionary.cpp, line 210]

Events (10 events):
Event: 4.122 Executing VM operation: EnableBiasedLocking done
Event: 2331.156 loading class sun/java2d/pipe/hw/AccelDeviceEventNotifier
Event: 2331.156 loading class sun/java2d/pipe/hw/AccelDeviceEventNotifier done
Event: 2331.257 Thread 0x000002753cb58800 Uncommon trap: trap_request=0xffffff65 fr.pc=0x0000027520acbe24
Event: 2331.257 Thread 0x000002753cb58800 DEOPT PACKING pc=0x0000027520acbe24 sp=0x0000008a4b2fec90
Event: 2331.257 Thread 0x000002753cb58800 DEOPT UNPACKING pc=0x0000027520795843 sp=0x0000008a4b2fec28 mode 2
Event: 2332.247 loading class java/util/WeakHashMap$KeyIterator
Event: 2332.247 loading class java/util/WeakHashMap$HashIterator
Event: 2332.247 loading class java/util/WeakHashMap$HashIterator done
Event: 2332.247 loading class java/util/WeakHashMap$KeyIterator done


Dynamic libraries:
0x00007ff717eb0000 - 0x00007ff717ef7000 	D:\JDK\bin\java.exe
0x00007ffbe0770000 - 0x00007ffbe0965000 	C:\WINDOWS\SYSTEM32\ntdll.dll
0x00007ffbdfdd0000 - 0x00007ffbdfe8e000 	C:\WINDOWS\System32\KERNEL32.DLL
0x00007ffbde4c0000 - 0x00007ffbde788000 	C:\WINDOWS\System32\KERNELBASE.dll
0x00007ffbdfc40000 - 0x00007ffbdfcec000 	C:\WINDOWS\System32\ADVAPI32.dll
0x00007ffbdf150000 - 0x00007ffbdf1ee000 	C:\WINDOWS\System32\msvcrt.dll
0x00007ffbe00a0000 - 0x00007ffbe013b000 	C:\WINDOWS\System32\sechost.dll
0x00007ffbdecc0000 - 0x00007ffbdedea000 	C:\WINDOWS\System32\RPCRT4.dll
0x00007ffbdf1f0000 - 0x00007ffbdf391000 	C:\WINDOWS\System32\USER32.dll
0x00007ffbde790000 - 0x00007ffbde7b2000 	C:\WINDOWS\System32\win32u.dll
0x00007ffbde870000 - 0x00007ffbde89b000 	C:\WINDOWS\System32\GDI32.dll
0x00007ffbde3b0000 - 0x00007ffbde4bb000 	C:\WINDOWS\System32\gdi32full.dll
0x00007ffbddfd0000 - 0x00007ffbde06d000 	C:\WINDOWS\System32\msvcp_win.dll
0x00007ffbde100000 - 0x00007ffbde200000 	C:\WINDOWS\System32\ucrtbase.dll
0x00007ffbcc2a0000 - 0x00007ffbcc53a000 	C:\WINDOWS\WinSxS\amd64_microsoft.windows.common-controls_6595b64144ccf1df_6.0.19041.1110_none_60b5254171f9507e\COMCTL32.dll
0x00007ffbde8b0000 - 0x00007ffbde8e0000 	C:\WINDOWS\System32\IMM32.DLL
0x00007ffbd3d40000 - 0x00007ffbd3d55000 	D:\JDK\jre\bin\vcruntime140.dll
0x00007ffba9110000 - 0x00007ffba91ab000 	D:\JDK\jre\bin\msvcp140.dll
0x000000006f870000 - 0x00000000700dc000 	D:\JDK\jre\bin\server\jvm.dll
0x00007ffbde8a0000 - 0x00007ffbde8a8000 	C:\WINDOWS\System32\PSAPI.DLL
0x00007ffbd6d50000 - 0x00007ffbd6d5a000 	C:\WINDOWS\SYSTEM32\VERSION.dll
0x00007ffbd4280000 - 0x00007ffbd42a7000 	C:\WINDOWS\SYSTEM32\WINMM.dll
0x00007ffbc67d0000 - 0x00007ffbc67d9000 	C:\WINDOWS\SYSTEM32\WSOCK32.dll
0x00007ffbdfcf0000 - 0x00007ffbdfd5b000 	C:\WINDOWS\System32\WS2_32.dll
0x00007ffbdbd70000 - 0x00007ffbdbd82000 	C:\WINDOWS\SYSTEM32\kernel.appcore.dll
0x00007ffbdb620000 - 0x00007ffbdb630000 	D:\JDK\jre\bin\verify.dll
0x00007ffbce070000 - 0x00007ffbce09b000 	D:\JDK\jre\bin\java.dll
0x00007ffbce050000 - 0x00007ffbce068000 	D:\JDK\jre\bin\zip.dll
0x00007ffbdf500000 - 0x00007ffbdfc3f000 	C:\WINDOWS\System32\SHELL32.dll
0x00007ffbdbf70000 - 0x00007ffbdc700000 	C:\WINDOWS\SYSTEM32\windows.storage.dll
0x00007ffbdedf0000 - 0x00007ffbdf145000 	C:\WINDOWS\System32\combase.dll
0x00007ffbdd8e0000 - 0x00007ffbdd90e000 	C:\WINDOWS\SYSTEM32\Wldp.dll
0x00007ffbde8e0000 - 0x00007ffbde98d000 	C:\WINDOWS\System32\SHCORE.dll
0x00007ffbdfd60000 - 0x00007ffbdfdb5000 	C:\WINDOWS\System32\shlwapi.dll
0x00007ffbdddd0000 - 0x00007ffbdddef000 	C:\WINDOWS\SYSTEM32\profapi.dll
0x00007ffba5460000 - 0x00007ffba55f4000 	D:\JDK\jre\bin\awt.dll
0x00007ffbdf430000 - 0x00007ffbdf4fd000 	C:\WINDOWS\System32\OLEAUT32.dll
0x00007ffbdb6b0000 - 0x00007ffbdb740000 	C:\WINDOWS\SYSTEM32\apphelp.dll
0x00007ffbdb870000 - 0x00007ffbdb90e000 	C:\WINDOWS\system32\uxtheme.dll
0x00007ffbde9f0000 - 0x00007ffbdeb05000 	C:\WINDOWS\System32\MSCTF.dll
0x00007ffbdff70000 - 0x00007ffbe009a000 	C:\WINDOWS\System32\ole32.dll
0x00007ffbddf40000 - 0x00007ffbddfc3000 	C:\WINDOWS\System32\bcryptPrimitives.dll
0x00007ffbdba80000 - 0x00007ffbdbaaf000 	C:\WINDOWS\system32\DWMAPI.DLL
0x00007ffbb7400000 - 0x00007ffbb7449000 	D:\JDK\jre\bin\fontmanager.dll
0x00007ffba9210000 - 0x00007ffba9335000 	C:\WINDOWS\system32\opengl32.dll
0x00007ffbafdb0000 - 0x00007ffbafddc000 	C:\WINDOWS\SYSTEM32\GLU32.dll
0x00007ffbdda70000 - 0x00007ffbdda82000 	C:\WINDOWS\SYSTEM32\msasn1.dll
0x00007ffbd52e0000 - 0x00007ffbd5311000 	C:\WINDOWS\SYSTEM32\cryptnet.dll
0x00007ffbde200000 - 0x00007ffbde356000 	C:\WINDOWS\System32\CRYPT32.dll
0x00007ffbdd830000 - 0x00007ffbdd83c000 	C:\WINDOWS\SYSTEM32\cryptbase.dll
0x00007ffbde070000 - 0x00007ffbde0d0000 	C:\WINDOWS\System32\WINTRUST.DLL
0x00007ffbe06b0000 - 0x00007ffbe06cd000 	C:\WINDOWS\System32\imagehlp.dll
0x00007ffbdd840000 - 0x00007ffbdd858000 	C:\WINDOWS\SYSTEM32\CRYPTSP.dll
0x00007ffbdcf50000 - 0x00007ffbdcf84000 	C:\WINDOWS\system32\rsaenh.dll
0x00007ffbde0d0000 - 0x00007ffbde0f7000 	C:\WINDOWS\System32\bcrypt.dll
0x00007ffbdc710000 - 0x00007ffbdc733000 	C:\WINDOWS\SYSTEM32\gpapi.dll
0x00007ffbd4a40000 - 0x00007ffbd4a7b000 	C:\WINDOWS\SYSTEM32\dxcore.dll
0x00007ffbde360000 - 0x00007ffbde3ae000 	C:\WINDOWS\System32\cfgmgr32.dll
0x00007ffbccc30000 - 0x00007ffbccc4c000 	D:\JDK\jre\bin\net.dll
0x00007ffbdd640000 - 0x00007ffbdd6aa000 	C:\WINDOWS\system32\mswsock.dll
0x00007ffbccc10000 - 0x00007ffbccc23000 	D:\JDK\jre\bin\nio.dll
0x00007ffbb57e0000 - 0x00007ffbb5823000 	D:\JDK\jre\bin\t2k.dll
0x00007ffbd7300000 - 0x00007ffbd73f9000 	C:\WINDOWS\SYSTEM32\textinputframework.dll
0x00007ffbdb220000 - 0x00007ffbdb312000 	C:\WINDOWS\System32\CoreMessaging.dll
0x00007ffbdaec0000 - 0x00007ffbdb21e000 	C:\WINDOWS\System32\CoreUIComponents.dll
0x00007ffbdcb60000 - 0x00007ffbdcb93000 	C:\WINDOWS\SYSTEM32\ntmarta.dll
0x00007ffbda690000 - 0x00007ffbda7e4000 	C:\WINDOWS\SYSTEM32\wintypes.dll
0x00007ffbb70f0000 - 0x00007ffbb711a000 	D:\JDK\jre\bin\dcpr.dll
0x00007ffbde7c0000 - 0x00007ffbde869000 	C:\WINDOWS\System32\clbcatq.dll
0x00007ffbd6860000 - 0x00007ffbd6a14000 	C:\WINDOWS\SYSTEM32\WindowsCodecs.dll
0x00007ffbc9e10000 - 0x00007ffbc9e4e000 	C:\WINDOWS\system32\dataexchange.dll
0x00007ffbd9ed0000 - 0x00007ffbda134000 	C:\WINDOWS\system32\d3d11.dll
0x00007ffbda7f0000 - 0x00007ffbda9d5000 	C:\WINDOWS\system32\dcomp.dll
0x00007ffbdc760000 - 0x00007ffbdc854000 	C:\WINDOWS\system32\dxgi.dll
0x00007ffbd6b40000 - 0x00007ffbd6d41000 	C:\WINDOWS\system32\twinapi.appcore.dll
0x00007ffbd2b00000 - 0x00007ffbd2cce000 	C:\WINDOWS\system32\d3d9.dll
0x00007ffbd7400000 - 0x00007ffbd7502000 	C:\WINDOWS\System32\DriverStore\FileRepository\nvam.inf_amd64_3525035a46ed38b0\nvldumdx.dll
0x00007ffb7f3d0000 - 0x00007ffb80dec000 	C:\WINDOWS\System32\DriverStore\FileRepository\nvam.inf_amd64_3525035a46ed38b0\nvd3dumx.dll
0x00007ffb7b980000 - 0x00007ffb7bb5b000 	C:\WINDOWS\System32\DriverStore\FileRepository\u0361708.inf_amd64_7de6b99937f60751\B358199\aticfx64.dll
0x00007ffb95440000 - 0x00007ffb95473000 	C:\WINDOWS\System32\DriverStore\FileRepository\u0361708.inf_amd64_7de6b99937f60751\B358199\atiu9p64.dll
0x00007ffb793e0000 - 0x00007ffb7a076000 	C:\WINDOWS\System32\DriverStore\FileRepository\u0361708.inf_amd64_7de6b99937f60751\B358199\atiumd64.dll
0x00007ffbc6490000 - 0x00007ffbc6674000 	C:\WINDOWS\SYSTEM32\dbghelp.dll
0x00007ffbc6380000 - 0x00007ffbc63ac000 	C:\WINDOWS\SYSTEM32\dbgcore.DLL
0x000000006e9f0000 - 0x000000006f86d000 	C:\WINDOWS\System32\DriverStore\FileRepository\u0361708.inf_amd64_7de6b99937f60751\B358199\atiumd6a.dll
0x00007ffbdd450000 - 0x00007ffbdd49b000 	C:\WINDOWS\SYSTEM32\POWRPROF.dll
0x00007ffbdd2c0000 - 0x00007ffbdd2d2000 	C:\WINDOWS\SYSTEM32\UMPDC.dll
0x00007ffba32e0000 - 0x00007ffba330f000 	C:\WINDOWS\SYSTEM32\amdihk64.dll

VM Arguments:
jvm_args: -Dfile.encoding=UTF-8 
java_command: ecommercecart.Driver
java_class_path (initial): D:\NetBeans 8.2\ide\modules\ext\mysql-connector-java-5.1.23-bin.jar;D:\NetBeans 8.2\java\modules\ext\AbsoluteLayout.jar;D:\Assignments\Semester 5\OOP\Final Project\EcommerceCart\build\classes
Launcher Type: SUN_STANDARD

Environment Variables:
PATH=D:\Microsoft MPI\Bin\;C:\Program Files (x86)\Common Files\Oracle\Java\javapath;C:\texlive\2000\bin\win32;C:\Windows\system32;C:\Windows;C:\Windows\System32\Wbem;C:\Windows\System32\WindowsPowerShell\v1.0\;C:\Windows\System32\OpenSSH\;C:\WINDOWS\system32;C:\WINDOWS;C:\WINDOWS\System32\Wbem;C:\WINDOWS\System32\WindowsPowerShell\v1.0\;C:\WINDOWS\System32\OpenSSH\;C:\Go\bin;C:\Program Files (x86)\NVIDIA Corporation\PhysX\Common;C:\WINDOWS\system32;C:\WINDOWS;C:\WINDOWS\System32\Wbem;C:\WINDOWS\System32\WindowsPowerShell\v1.0\;C:\WINDOWS\System32\OpenSSH\;D:\Git\cmd;D:\NodeJS\;C:\Users\ASUS\AppData\Local\Programs\Python\Python39\Scripts\;C:\Users\ASUS\AppData\Local\Programs\Python\Python39\;C:\Users\ASUS\AppData\Local\Programs\Python\Python38-32\Scripts\;C:\Users\ASUS\AppData\Local\Programs\Python\Python38-32\;C:\Users\ASUS\AppData\Local\Microsoft\WindowsApps;C:\Users\ASUS\AppData\Local\Programs\Microsoft VS Code\bin;D:\CodeBlocks\MinGW\bin;C:\Users\ASUS\go\bin;C:\Users\ASUS\AppData\Roaming\npm
USERNAME=ASUS
OS=Windows_NT
PROCESSOR_IDENTIFIER=AMD64 Family 23 Model 24 Stepping 1, AuthenticAMD



---------------  S Y S T E M  ---------------

OS: Windows 10.0 , 64 bit Build 19041 (10.0.19041.1348)

CPU:total 8 (initial active 8) (8 cores per cpu, 1 threads per core) family 23 model 24 stepping 1, cmov, cx8, fxsr, mmx, sse, sse2, sse3, ssse3, sse4.1, sse4.2, popcnt, avx, avx2, aes, clmul, mmxext, 3dnowpref, lzcnt, sse4a, tsc, tscinvbit, tscinv, bmi1

Memory: 4k page, physical 16188664k(4164860k free), swap 29457396k(2384k free)

vm_info: Java HotSpot(TM) 64-Bit Server VM (25.261-b12) for windows-amd64 JRE (1.8.0_261-b12), built on Jun 18 2020 06:56:32 by "" with unknown MS VC++:1916

time: Tue Jan 11 15:51:14 2022
timezone: SE Asia Standard Time
elapsed time: 2333 seconds (0d 0h 38m 53s)

